This is pdfTeX, Version 3.141592653-2.6-1.40.24 (MiKTeX 22.3) (preloaded format=pdflatex 2022.4.28)  28 APR 2022 19:26
entering extended mode
 restricted \write18 enabled.
 %&-line parsing enabled.
**./02_Editing_structure_elements.tex
(02_Editing_structure_elements.tex
LaTeX2e <2021-11-15> patch level 1
L3 programming layer <2022-04-20>
(C:\Users\z00425de\AppData\Local\Programs\MiKTeX\tex/latex/base\report.cls
Document Class: report 2021/10/04 v1.4n Standard LaTeX document class
(C:\Users\z00425de\AppData\Local\Programs\MiKTeX\tex/latex/base\size11.clo
File: size11.clo 2021/10/04 v1.4n Standard LaTeX file (size option)
)
\c@part=\count185
\c@chapter=\count186
\c@section=\count187
\c@subsection=\count188
\c@subsubsection=\count189
\c@paragraph=\count190
\c@subparagraph=\count191
\c@figure=\count192
\c@table=\count193
\abovecaptionskip=\skip47
\belowcaptionskip=\skip48
\bibindent=\dimen138
)
(C:\Users\z00425de\AppData\Local\Programs\MiKTeX\tex/generic/babel\babel.sty
Package: babel 2022/02/26 3.73 The Babel package
\babel@savecnt=\count194
\U@D=\dimen139
\l@unhyphenated=\language79

(C:\Users\z00425de\AppData\Local\Programs\MiKTeX\tex/generic/babel\txtbabel.def
)
\bbl@readstream=\read2
\bbl@dirlevel=\count195

*************************************
* Local config file bblopts.cfg used
*
(C:\Users\z00425de\AppData\Local\Programs\MiKTeX\tex/latex/arabi\bblopts.cfg
File: bblopts.cfg 2005/09/08 v0.1 add Arabic and Farsi to "declared" options of
 babel
)
(C:\Users\z00425de\AppData\Local\Programs\MiKTeX\tex/latex/babel-english\englis
h.ldf
Language: english 2017/06/06 v3.3r English support from the babel system
Package babel Info: Hyphen rules for 'canadian' set to \l@english
(babel)             (\language0). Reported on input line 102.
Package babel Info: Hyphen rules for 'australian' set to \l@ukenglish
(babel)             (\language73). Reported on input line 105.
Package babel Info: Hyphen rules for 'newzealand' set to \l@ukenglish
(babel)             (\language73). Reported on input line 108.
))
(C:\Users\z00425de\AppData\Local\Programs\MiKTeX\tex/latex/blindtext\blindtext.
sty
Package: blindtext 2012/01/06 V2.0 blindtext-Package
 (C:\Users\z00425de\AppData\Local\Programs\MiKTeX\tex/latex/tools\xspace.sty
Package: xspace 2014/10/28 v1.13 Space after command names (DPC,MH)
)
\c@blindtext=\count196
\c@Blindtext=\count197
\c@blind@countparstart=\count198
\blind@countxx=\count199
\blindtext@numBlindtext=\count266
\blind@countyy=\count267
\c@blindlist=\count268
\c@blindlistlevel=\count269
\c@blindlist@level=\count270
\blind@listitem=\count271
\c@blind@listcount=\count272
\c@blind@levelcount=\count273
\blind@mathformula=\count274
\blind@Mathformula=\count275
\c@blind@randomcount=\count276
\c@blind@randommax=\count277
\c@blind@pangramcount=\count278
\c@blind@pangrammax=\count279
)
(C:\Users\z00425de\AppData\Local\Programs\MiKTeX\tex/latex/titlesec\titlesec.st
y
Package: titlesec 2021/07/05 v2.14 Sectioning titles
\ttl@box=\box50
\beforetitleunit=\skip49
\aftertitleunit=\skip50
\ttl@plus=\dimen140
\ttl@minus=\dimen141
\ttl@toksa=\toks16
\titlewidth=\dimen142
\titlewidthlast=\dimen143
\titlewidthfirst=\dimen144
)
(C:\Users\z00425de\AppData\Local\Programs\MiKTeX\tex/latex/l3backend\l3backend-
pdftex.def
File: l3backend-pdftex.def 2022-04-20 L3 backend support: PDF output (pdfTeX)
\l__color_backend_stack_int=\count280
\l__pdf_internal_box=\box51
) (02_Editing_structure_elements.aux)
\openout1 = `02_Editing_structure_elements.aux'.

LaTeX Font Info:    Checking defaults for OML/cmm/m/it on input line 11.
LaTeX Font Info:    ... okay on input line 11.
LaTeX Font Info:    Checking defaults for OMS/cmsy/m/n on input line 11.
LaTeX Font Info:    ... okay on input line 11.
LaTeX Font Info:    Checking defaults for OT1/cmr/m/n on input line 11.
LaTeX Font Info:    ... okay on input line 11.
LaTeX Font Info:    Checking defaults for T1/cmr/m/n on input line 11.
LaTeX Font Info:    ... okay on input line 11.
LaTeX Font Info:    Checking defaults for TS1/cmr/m/n on input line 11.
LaTeX Font Info:    ... okay on input line 11.
LaTeX Font Info:    Checking defaults for OMX/cmex/m/n on input line 11.
LaTeX Font Info:    ... okay on input line 11.
LaTeX Font Info:    Checking defaults for U/cmr/m/n on input line 11.
LaTeX Font Info:    ... okay on input line 11.

Chapter 1.
[1


{C:/Users/z00425de/AppData/Local/MiKTeX/fonts/map/pdftex/pdftex.map}]
Chapter 2.
[2

] (02_Editing_structure_elements.aux) ) 
Here is how much of TeX's memory you used:
 1902 strings out of 478547
 33950 string characters out of 2840419
 348677 words of memory out of 3000000
 20174 multiletter control sequences out of 15000+600000
 470779 words of font info for 33 fonts, out of 8000000 for 9000
 1141 hyphenation exceptions out of 8191
 40i,5n,52p,191b,132s stack positions out of 10000i,1000n,20000p,200000b,80000s
<C:/Users/z00425de/AppData/Local/Program
s/MiKTeX/fonts/type1/public/amsfonts/cm/cmbx12.pfb><C:/Users/z00425de/AppData/L
ocal/Programs/MiKTeX/fonts/type1/public/amsfonts/cm/cmr10.pfb>
Output written on 02_Editing_structure_elements.pdf (2 pages, 33934 bytes).
PDF statistics:
 19 PDF objects out of 1000 (max. 8388607)
 0 named destinations out of 1000 (max. 500000)
 1 words of extra memory for PDF output out of 10000 (max. 10000000)

